<?xml version="1.0" encoding="UTF-8"?>
<!-- Generated by org.testng.reporters.JUnitReportReporter -->
<testsuite hostname="Cihan-MacBook-Pro.local" failures="0" tests="2" name="IOSTest.testUIKit" time="12.650" errors="0" timestamp="2022-10-16T21:58:12 EET" skipped="0">
  <testcase classname="IOSTest.testUIKit" name="AlertViews" time="6.744"/>
  <system-out/>
  <testcase classname="IOSTest.testUIKit" name="Steppers" time="5.906"/>
  <system-out/>
</testsuite> <!-- IOSTest.testUIKit -->
